RUN	uk.gov.hmcts.paybubble.simulation.CCPaybubbleSCN	ccpaybubblescn	1645532956709	XUI Journeys for all Services	3.3.1
USER	Way2Pay Credit Card Scenario 	1	START	1645532958315	1645532958315
USER	Way2Pay Pay By Account Scenario 	2	START	1645532958319	1645532958319
REQUEST	1		010_GetAuthToken	1645532958355	1645532958811	OK	 
REQUEST	1		020_GetServiceToken	1645532958872	1645532958904	KO	j.n.UnknownHostException: No such host is known (rpe-service-auth-provider-perftest.service.core-compute-perftest.internal)
REQUEST	2		010_GetAuthToken	1645532958355	1645532959145	OK	 
REQUEST	2		020_GetServiceToken	1645532959147	1645532959147	KO	j.n.UnknownHostException: rpe-service-auth-provider-perftest.service.core-compute-perftest.internal
ERROR	Ways2Pay_030_ServiceRequestPOST: Failed to build request: No attribute named 's2sToken' is defined 	1645532968885
ERROR	Ways2Pay_030_ServiceRequestPOST: Failed to build request: No attribute named 's2sToken' is defined 	1645532969172
ERROR	Ways2Pay_040_W2PPBAPaymentsGET: Failed to build request: No attribute named 's2sToken' is defined 	1645532983876
ERROR	Ways2Pay_040_W2PPBAPaymentsGET: Failed to build request: No attribute named 's2sToken' is defined 	1645532984174
ERROR	Ways2Pay_050_PaymentGroupReferenceByCaseGET: Failed to build request: No attribute named 's2sToken' is defined 	1645532998872
ERROR	Ways2Pay_050_PaymentGroupReferenceByCaseGET: Failed to build request: No attribute named 's2sToken' is defined 	1645532999182
ERROR	Ways2Pay_060_W2PCreditCardPaymentPOST: Failed to build request: No attribute named 'service_request_reference' is defined 	1645533013882
ERROR	Ways2Pay_070_W2PPBAPaymentsPOST: Failed to build request: No attribute named 'service_request_reference' is defined 	1645533014179
ERROR	Ways2Pay_080_W2PCardPaymentStatusGET: Failed to build request: No attribute named 's2sToken' is defined 	1645533028882
USER	Way2Pay Pay By Account Scenario 	2	END	1645532958319	1645533029166
USER	Way2Pay Credit Card Scenario 	1	END	1645532958315	1645533043883
